(---------------------------------------------------------------------)
(                                                                     )
(    Allegro Netrev Import Logic                                      )
(                                                                     )
(    Drawing          : DISPLAY.brd                                   )
(    Software Version : 16.6-2015S059                                 )
(    Date/Time        : Sun May 05 10:00:16 2019                      )
(                                                                     )
(---------------------------------------------------------------------)


------ Directives ------------

Ripup etch:                  No
Ripup delete first segment:  No
Ripup retain bondwire:       No
Ripup symbols:               Always
Missing symbol has error:    No
DRC update:                  Yes
Schematic directory:         'D:\ONEDRIVE\EDU\Y3_S1\MICROPROCESSOR_II\P190316_MAKEFILEPROJAVRGCC\DOCS\SCHEMATIC\allegro_display'
Design Directory:            '.'
Old design name:             'D:/ONEDRIVE/EDU/Y3_S1/MICROPROCESSOR_II/P190316_MAKEFILEPROJAVRGCC/DOCS/SCHEMATIC/allegro_display/DISPLAY.brd'
New design name:             'D:/ONEDRIVE/EDU/Y3_S1/MICROPROCESSOR_II/P190316_MAKEFILEPROJAVRGCC/DOCS/SCHEMATIC/allegro_display/DISPLAY.brd'

CmdLine: netrev.exe -y 1 -n -i D:\ONEDRIVE\EDU\Y3_S1\MICROPROCESSOR_II\P190316_MAKEFILEPROJAVRGCC\DOCS\SCHEMATIC\allegro_display D:\ONEDRIVE\EDU\Y3_S1\MICROPROCESSOR_II\P190316_MAKEFILEPROJAVRGCC\DOCS\SCHEMATIC\allegro_display\DISPLAY.brd D:\ONEDRIVE\EDU\Y3_S1\MICROPROCESSOR_II\P190316_MAKEFILEPROJAVRGCC\DOCS\SCHEMATIC\allegro_display\DISPLAY.brd

------ Preparing to read pst files ------

Starting to read D:/ONEDRIVE/EDU/Y3_S1/MICROPROCESSOR_II/P190316_MAKEFILEPROJAVRGCC/DOCS/SCHEMATIC/allegro_display/pstchip.dat 
   Finished reading D:/ONEDRIVE/EDU/Y3_S1/MICROPROCESSOR_II/P190316_MAKEFILEPROJAVRGCC/DOCS/SCHEMATIC/allegro_display/pstchip.dat (00:00:00.05)
Starting to read D:/ONEDRIVE/EDU/Y3_S1/MICROPROCESSOR_II/P190316_MAKEFILEPROJAVRGCC/DOCS/SCHEMATIC/allegro_display/pstxprt.dat 
   Finished reading D:/ONEDRIVE/EDU/Y3_S1/MICROPROCESSOR_II/P190316_MAKEFILEPROJAVRGCC/DOCS/SCHEMATIC/allegro_display/pstxprt.dat (00:00:00.00)
Starting to read D:/ONEDRIVE/EDU/Y3_S1/MICROPROCESSOR_II/P190316_MAKEFILEPROJAVRGCC/DOCS/SCHEMATIC/allegro_display/pstxnet.dat 
   Finished reading D:/ONEDRIVE/EDU/Y3_S1/MICROPROCESSOR_II/P190316_MAKEFILEPROJAVRGCC/DOCS/SCHEMATIC/allegro_display/pstxnet.dat (00:00:00.00)

------ Oversights/Warnings/Errors ------


------ Library Paths ------
MODULEPATH =  . 
           D:/Program Files/OrCAD/share/local/pcb/modules 

PSMPATH =  . 
           symbols 
           .. 
           ../symbols 
           D:/Program Files/OrCAD/share/local/pcb/symbols 
           D:/Program Files/OrCAD/share/pcb/pcb_lib/symbols 
           D:/Program Files/OrCAD/share/pcb/allegrolib/symbols 
           D:/Onedrive/Edu/y2_s2/JeonJaGongHakSilSup2/B2014161001_3/PackageSymbol/ 
           D:/Onedrive/Edu/y3_s1/microprocessor_II/P190316_MakefileProjAvrGcc/Docs/Footprints/ 

PADPATH =  . 
           symbols 
           .. 
           ../symbols 
           D:/Program Files/OrCAD/share/local/pcb/padstacks 
           D:/Program Files/OrCAD/share/pcb/pcb_lib/symbols 
           D:/Program Files/OrCAD/share/pcb/allegrolib/symbols 
           D:/Onedrive/Edu/y2_s2/JeonJaGongHakSilSup2/B2014161001_3/PackageSymbol/ 
           D:/Onedrive/Edu/y3_s1/microprocessor_II/P190316_MakefileProjAvrGcc/Docs/Footprints/ 


------ Summary Statistics ------


netrev run on May 5 10:00:16 2019
   DESIGN NAME : 'DISPLAY'
   PACKAGING ON Aug  3 2015 18:16:55

   COMPILE 'logic'
   CHECK_PIN_NAMES OFF
   CROSS_REFERENCE OFF
   FEEDBACK OFF
   INCREMENTAL OFF
   INTERFACE_TYPE PHYSICAL
   MAX_ERRORS 500
   MERGE_MINIMUM 5
   NET_NAME_CHARS '#%&()*+-./:=>?@[]^_`|'
   NET_NAME_LENGTH 24
   OVERSIGHTS ON
   REPLACE_CHECK OFF
   SINGLE_NODE_NETS ON
   SPLIT_MINIMUM 0
   SUPPRESS   20
   WARNINGS ON

 No error detected
 No oversight detected
 No warning detected

cpu time      0:00:52
elapsed time  0:00:00

